

*******************************************************************************
Sat Apr 27 14:55:16 2019


FIT:    data read from datafile using 1:(log10($5))
        format = x:z
        x range restricted to [2.00000 : 10.0000]
        #datapoints = 81
        residuals are weighted equally (unit weight)

function used for fitting: f(a1, b1, log10(x))
	f(a, b, x) = a*x + b
fitted parameters initialized with current variable values

iter      chisq       delta/lim  lambda   a1            b1           
   0 1.6075831796e+04   0.00e+00  8.90e-01    1.000000e+00   1.000000e+00
   4 2.4100263519e+01  -3.91e-09  8.90e-05   -1.709577e+01   7.398787e-01

After 4 iterations the fit converged.
final sum of squares of residuals : 24.1003
rel. change during last iteration : -3.90647e-14

degrees of freedom    (FIT_NDF)                        : 79
rms of residuals      (FIT_STDFIT) = sqrt(WSSR/ndf)    : 0.552328
variance of residuals (reduced chisquare) = WSSR/ndf   : 0.305067

Final set of parameters            Asymptotic Standard Error
=======================            ==========================
a1              = -17.0958         +/- 0.3185       (1.863%)
b1              = 0.739879         +/- 0.2434       (32.89%)

correlation matrix of the fit parameters:
                a1     b1     
a1              1.000 
b1             -0.968  1.000 


*******************************************************************************
Sat Apr 27 14:55:16 2019


FIT:    data read from datafile using 1:(log10($5))
        format = x:z
        x range restricted to [30.0000 : 40.0000]
        #datapoints = 101
        residuals are weighted equally (unit weight)

function used for fitting: f(a2, b2, log10(x))
	f(a, b, x) = a*x + b
fitted parameters initialized with current variable values

iter      chisq       delta/lim  lambda   a2            b2           
   0 1.3967284955e+04   0.00e+00  1.30e+00    1.000000e+00   1.000000e+00
   5 1.8625863660e+01  -1.30e-08  1.30e-05    7.579261e+01  -1.258044e+02

After 5 iterations the fit converged.
final sum of squares of residuals : 18.6259
rel. change during last iteration : -1.29704e-13

degrees of freedom    (FIT_NDF)                        : 99
rms of residuals      (FIT_STDFIT) = sqrt(WSSR/ndf)    : 0.433751
variance of residuals (reduced chisquare) = WSSR/ndf   : 0.18814

Final set of parameters            Asymptotic Standard Error
=======================            ==========================
a2              = 75.7926          +/- 1.187        (1.566%)
b2              = -125.804         +/- 1.832        (1.456%)

correlation matrix of the fit parameters:
                a2     b2     
a2              1.000 
b2             -1.000  1.000 


*******************************************************************************
Sat Apr 27 14:55:16 2019


FIT:    data read from datafile using 1:(log10($6))
        format = x:z
        x range restricted to [30.0000 : 40.0000]
        #datapoints = 101
        residuals are weighted equally (unit weight)

function used for fitting: f(a3, b3, log10(x))
	f(a, b, x) = a*x + b
fitted parameters initialized with current variable values

iter      chisq       delta/lim  lambda   a3            b3           
   0 1.3972635487e+04   0.00e+00  1.30e+00    1.000000e+00   1.000000e+00
   5 1.8745102019e+01  -1.32e-08  1.30e-05    7.586975e+01  -1.259250e+02

After 5 iterations the fit converged.
final sum of squares of residuals : 18.7451
rel. change during last iteration : -1.31911e-13

degrees of freedom    (FIT_NDF)                        : 99
rms of residuals      (FIT_STDFIT) = sqrt(WSSR/ndf)    : 0.435137
variance of residuals (reduced chisquare) = WSSR/ndf   : 0.189344

Final set of parameters            Asymptotic Standard Error
=======================            ==========================
a3              = 75.8697          +/- 1.191        (1.57%)
b3              = -125.925         +/- 1.838        (1.459%)

correlation matrix of the fit parameters:
                a3     b3     
a3              1.000 
b3             -1.000  1.000 


*******************************************************************************
Sat Apr 27 14:55:16 2019


FIT:    data read from datafile using 1:(log10($7))
        format = x:z
        x range restricted to [2.00000 : 10.0000]
        #datapoints = 79
        residuals are weighted equally (unit weight)

function used for fitting: f(a4, b4, log10(x))
	f(a, b, x) = a*x + b
fitted parameters initialized with current variable values

iter      chisq       delta/lim  lambda   a4            b4           
   0 1.5400967268e+04   0.00e+00  8.87e-01    1.000000e+00   1.000000e+00
   4 2.4480937079e+01  -4.34e-09  8.87e-05   -1.701820e+01   6.937501e-01

After 4 iterations the fit converged.
final sum of squares of residuals : 24.4809
rel. change during last iteration : -4.33914e-14

degrees of freedom    (FIT_NDF)                        : 77
rms of residuals      (FIT_STDFIT) = sqrt(WSSR/ndf)    : 0.563857
variance of residuals (reduced chisquare) = WSSR/ndf   : 0.317934

Final set of parameters            Asymptotic Standard Error
=======================            ==========================
a4              = -17.0182         +/- 0.3317       (1.949%)
b4              = 0.69375          +/- 0.2514       (36.23%)

correlation matrix of the fit parameters:
                a4     b4     
a4              1.000 
b4             -0.968  1.000 


*******************************************************************************
Sat Apr 27 15:37:24 2019


FIT:    data read from datafile using (log10($1)):(log10($4))
        format = x:z
        x range restricted to [* : 4.00000]
        #datapoints = 121
        residuals are weighted equally (unit weight)

function used for fitting: f(a1, b1, x)
	f(a, b, x) = a*x + b
fitted parameters initialized with current variable values

iter      chisq       delta/lim  lambda   a1            b1           
   0 1.3350243408e+04   0.00e+00  2.39e+00    1.000000e+00   1.000000e+00
   4 5.5934684324e+00  -4.99e-07  2.39e-04    3.785169e-01  -7.554238e+00

After 4 iterations the fit converged.
final sum of squares of residuals : 5.59347
rel. change during last iteration : -4.99279e-12

degrees of freedom    (FIT_NDF)                        : 119
rms of residuals      (FIT_STDFIT) = sqrt(WSSR/ndf)    : 0.216804
variance of residuals (reduced chisquare) = WSSR/ndf   : 0.0470039

Final set of parameters            Asymptotic Standard Error
=======================            ==========================
a1              = 0.378517         +/- 0.02336      (6.171%)
b1              = -7.55424         +/- 0.07532      (0.9971%)

correlation matrix of the fit parameters:
                a1     b1     
a1              1.000 
b1             -0.965  1.000 


*******************************************************************************
Sat Apr 27 15:37:24 2019


FIT:    data read from datafile using (log10($1)):(log10($4))
        format = x:z
        x range restricted to [4.00000 : *]
        #datapoints = 431
        residuals are weighted equally (unit weight)

function used for fitting: f(a2, b2, x)
	f(a, b, x) = a*x + b
fitted parameters initialized with current variable values

iter      chisq       delta/lim  lambda   a2            b2           
   0 4.7073010301e+04   0.00e+00  3.86e+00    1.000000e+00   1.000000e+00
   4 8.1773933468e+01  -1.15e-04  3.86e-04    1.923810e+00  -1.436686e+01

After 4 iterations the fit converged.
final sum of squares of residuals : 81.7739
rel. change during last iteration : -1.14516e-09

degrees of freedom    (FIT_NDF)                        : 429
rms of residuals      (FIT_STDFIT) = sqrt(WSSR/ndf)    : 0.436595
variance of residuals (reduced chisquare) = WSSR/ndf   : 0.190615

Final set of parameters            Asymptotic Standard Error
=======================            ==========================
a2              = 1.92381          +/- 0.03932      (2.044%)
b2              = -14.3669         +/- 0.2112       (1.47%)

correlation matrix of the fit parameters:
                a2     b2     
a2              1.000 
b2             -0.995  1.000 


*******************************************************************************
Sat Apr 27 15:38:33 2019


FIT:    data read from datafile using (log10($1)):(log10($4))
        format = x:z
        x range restricted to [* : 4.00000]
        #datapoints = 121
        residuals are weighted equally (unit weight)

function used for fitting: f(a1, b1, x)
	f(a, b, x) = a*x + b
fitted parameters initialized with current variable values

iter      chisq       delta/lim  lambda   a1            b1           
   0 1.3350243408e+04   0.00e+00  2.39e+00    1.000000e+00   1.000000e+00
   4 5.5934684324e+00  -4.99e-07  2.39e-04    3.785169e-01  -7.554238e+00

After 4 iterations the fit converged.
final sum of squares of residuals : 5.59347
rel. change during last iteration : -4.99279e-12

degrees of freedom    (FIT_NDF)                        : 119
rms of residuals      (FIT_STDFIT) = sqrt(WSSR/ndf)    : 0.216804
variance of residuals (reduced chisquare) = WSSR/ndf   : 0.0470039

Final set of parameters            Asymptotic Standard Error
=======================            ==========================
a1              = 0.378517         +/- 0.02336      (6.171%)
b1              = -7.55424         +/- 0.07532      (0.9971%)

correlation matrix of the fit parameters:
                a1     b1     
a1              1.000 
b1             -0.965  1.000 


*******************************************************************************
Sat Apr 27 15:38:33 2019


FIT:    data read from datafile using (log10($1)):(log10($4))
        format = x:z
        x range restricted to [4.00000 : *]
        #datapoints = 431
        residuals are weighted equally (unit weight)

function used for fitting: f(a2, b2, x)
	f(a, b, x) = a*x + b
fitted parameters initialized with current variable values

iter      chisq       delta/lim  lambda   a2            b2           
   0 4.7073010301e+04   0.00e+00  3.86e+00    1.000000e+00   1.000000e+00
   4 8.1773933468e+01  -1.15e-04  3.86e-04    1.923810e+00  -1.436686e+01

After 4 iterations the fit converged.
final sum of squares of residuals : 81.7739
rel. change during last iteration : -1.14516e-09

degrees of freedom    (FIT_NDF)                        : 429
rms of residuals      (FIT_STDFIT) = sqrt(WSSR/ndf)    : 0.436595
variance of residuals (reduced chisquare) = WSSR/ndf   : 0.190615

Final set of parameters            Asymptotic Standard Error
=======================            ==========================
a2              = 1.92381          +/- 0.03932      (2.044%)
b2              = -14.3669         +/- 0.2112       (1.47%)

correlation matrix of the fit parameters:
                a2     b2     
a2              1.000 
b2             -0.995  1.000 


*******************************************************************************
Sat Apr 27 15:41:49 2019


FIT:    data read from datafile using (log10($1)):(log10($4))
        format = x:z
        x range restricted to [* : 4.00000]
        #datapoints = 121
        residuals are weighted equally (unit weight)

function used for fitting: f(a1, b1, x)
	f(a, b, x) = a*x + b
fitted parameters initialized with current variable values

iter      chisq       delta/lim  lambda   a1            b1           
   0 1.3350243408e+04   0.00e+00  2.39e+00    1.000000e+00   1.000000e+00
   4 5.5934684324e+00  -4.99e-07  2.39e-04    3.785169e-01  -7.554238e+00

After 4 iterations the fit converged.
final sum of squares of residuals : 5.59347
rel. change during last iteration : -4.99279e-12

degrees of freedom    (FIT_NDF)                        : 119
rms of residuals      (FIT_STDFIT) = sqrt(WSSR/ndf)    : 0.216804
variance of residuals (reduced chisquare) = WSSR/ndf   : 0.0470039

Final set of parameters            Asymptotic Standard Error
=======================            ==========================
a1              = 0.378517         +/- 0.02336      (6.171%)
b1              = -7.55424         +/- 0.07532      (0.9971%)

correlation matrix of the fit parameters:
                a1     b1     
a1              1.000 
b1             -0.965  1.000 


*******************************************************************************
Sat Apr 27 15:41:49 2019


FIT:    data read from datafile using (log10($1)):(log10($4))
        format = x:z
        x range restricted to [4.00000 : *]
        #datapoints = 431
        residuals are weighted equally (unit weight)

function used for fitting: f(a2, b2, x)
	f(a, b, x) = a*x + b
fitted parameters initialized with current variable values

iter      chisq       delta/lim  lambda   a2            b2           
   0 4.7073010301e+04   0.00e+00  3.86e+00    1.000000e+00   1.000000e+00
   4 8.1773933468e+01  -1.15e-04  3.86e-04    1.923810e+00  -1.436686e+01

After 4 iterations the fit converged.
final sum of squares of residuals : 81.7739
rel. change during last iteration : -1.14516e-09

degrees of freedom    (FIT_NDF)                        : 429
rms of residuals      (FIT_STDFIT) = sqrt(WSSR/ndf)    : 0.436595
variance of residuals (reduced chisquare) = WSSR/ndf   : 0.190615

Final set of parameters            Asymptotic Standard Error
=======================            ==========================
a2              = 1.92381          +/- 0.03932      (2.044%)
b2              = -14.3669         +/- 0.2112       (1.47%)

correlation matrix of the fit parameters:
                a2     b2     
a2              1.000 
b2             -0.995  1.000 


*******************************************************************************
Sat Apr 27 15:48:31 2019


FIT:    data read from datafile using (log10($1)):(log10($4))
        format = x:z
        x range restricted to [* : 4.00000]
        #datapoints = 121
        residuals are weighted equally (unit weight)

function used for fitting: f(a1, b1, x)
	f(a, b, x) = a*x + b
fitted parameters initialized with current variable values

iter      chisq       delta/lim  lambda   a1            b1           
   0 1.3350243408e+04   0.00e+00  2.39e+00    1.000000e+00   1.000000e+00
   4 5.5934684324e+00  -4.99e-07  2.39e-04    3.785169e-01  -7.554238e+00

After 4 iterations the fit converged.
final sum of squares of residuals : 5.59347
rel. change during last iteration : -4.99279e-12

degrees of freedom    (FIT_NDF)                        : 119
rms of residuals      (FIT_STDFIT) = sqrt(WSSR/ndf)    : 0.216804
variance of residuals (reduced chisquare) = WSSR/ndf   : 0.0470039

Final set of parameters            Asymptotic Standard Error
=======================            ==========================
a1              = 0.378517         +/- 0.02336      (6.171%)
b1              = -7.55424         +/- 0.07532      (0.9971%)

correlation matrix of the fit parameters:
                a1     b1     
a1              1.000 
b1             -0.965  1.000 


*******************************************************************************
Sat Apr 27 15:48:31 2019


FIT:    data read from datafile using (log10($1)):(log10($4))
        format = x:z
        x range restricted to [4.00000 : *]
        #datapoints = 431
        residuals are weighted equally (unit weight)

function used for fitting: f(a2, b2, x)
	f(a, b, x) = a*x + b
fitted parameters initialized with current variable values

iter      chisq       delta/lim  lambda   a2            b2           
   0 4.7073010301e+04   0.00e+00  3.86e+00    1.000000e+00   1.000000e+00
   4 8.1773933468e+01  -1.15e-04  3.86e-04    1.923810e+00  -1.436686e+01

After 4 iterations the fit converged.
final sum of squares of residuals : 81.7739
rel. change during last iteration : -1.14516e-09

degrees of freedom    (FIT_NDF)                        : 429
rms of residuals      (FIT_STDFIT) = sqrt(WSSR/ndf)    : 0.436595
variance of residuals (reduced chisquare) = WSSR/ndf   : 0.190615

Final set of parameters            Asymptotic Standard Error
=======================            ==========================
a2              = 1.92381          +/- 0.03932      (2.044%)
b2              = -14.3669         +/- 0.2112       (1.47%)

correlation matrix of the fit parameters:
                a2     b2     
a2              1.000 
b2             -0.995  1.000 


*******************************************************************************
Sat Apr 27 15:53:32 2019


FIT:    data read from datafile using (log10($1)):(log10($4))
        format = x:z
        x range restricted to [* : 4.00000]
        #datapoints = 121
        residuals are weighted equally (unit weight)

function used for fitting: f(a1, b1, x)
	f(a, b, x) = a*x + b
fitted parameters initialized with current variable values

iter      chisq       delta/lim  lambda   a1            b1           
   0 1.3350243408e+04   0.00e+00  2.39e+00    1.000000e+00   1.000000e+00
   4 5.5934684324e+00  -4.99e-07  2.39e-04    3.785169e-01  -7.554238e+00

After 4 iterations the fit converged.
final sum of squares of residuals : 5.59347
rel. change during last iteration : -4.99279e-12

degrees of freedom    (FIT_NDF)                        : 119
rms of residuals      (FIT_STDFIT) = sqrt(WSSR/ndf)    : 0.216804
variance of residuals (reduced chisquare) = WSSR/ndf   : 0.0470039

Final set of parameters            Asymptotic Standard Error
=======================            ==========================
a1              = 0.378517         +/- 0.02336      (6.171%)
b1              = -7.55424         +/- 0.07532      (0.9971%)

correlation matrix of the fit parameters:
                a1     b1     
a1              1.000 
b1             -0.965  1.000 


*******************************************************************************
Sat Apr 27 15:53:32 2019


FIT:    data read from datafile using (log10($1)):(log10($4))
        format = x:z
        x range restricted to [4.00000 : *]
        #datapoints = 431
        residuals are weighted equally (unit weight)

function used for fitting: f(a2, b2, x)
	f(a, b, x) = a*x + b
fitted parameters initialized with current variable values

iter      chisq       delta/lim  lambda   a2            b2           
   0 4.7073010301e+04   0.00e+00  3.86e+00    1.000000e+00   1.000000e+00
   4 8.1773933468e+01  -1.15e-04  3.86e-04    1.923810e+00  -1.436686e+01

After 4 iterations the fit converged.
final sum of squares of residuals : 81.7739
rel. change during last iteration : -1.14516e-09

degrees of freedom    (FIT_NDF)                        : 429
rms of residuals      (FIT_STDFIT) = sqrt(WSSR/ndf)    : 0.436595
variance of residuals (reduced chisquare) = WSSR/ndf   : 0.190615

Final set of parameters            Asymptotic Standard Error
=======================            ==========================
a2              = 1.92381          +/- 0.03932      (2.044%)
b2              = -14.3669         +/- 0.2112       (1.47%)

correlation matrix of the fit parameters:
                a2     b2     
a2              1.000 
b2             -0.995  1.000 


*******************************************************************************
Sat Apr 27 15:55:24 2019


FIT:    data read from datafile using (log10($1)):(log10($4))
        format = x:z
        x range restricted to [* : 4.00000]
        #datapoints = 121
        residuals are weighted equally (unit weight)

function used for fitting: f(a1, b1, x)
	f(a, b, x) = a*x + b
fitted parameters initialized with current variable values

iter      chisq       delta/lim  lambda   a1            b1           
   0 1.3350243408e+04   0.00e+00  2.39e+00    1.000000e+00   1.000000e+00
   4 5.5934684324e+00  -4.99e-07  2.39e-04    3.785169e-01  -7.554238e+00

After 4 iterations the fit converged.
final sum of squares of residuals : 5.59347
rel. change during last iteration : -4.99279e-12

degrees of freedom    (FIT_NDF)                        : 119
rms of residuals      (FIT_STDFIT) = sqrt(WSSR/ndf)    : 0.216804
variance of residuals (reduced chisquare) = WSSR/ndf   : 0.0470039

Final set of parameters            Asymptotic Standard Error
=======================            ==========================
a1              = 0.378517         +/- 0.02336      (6.171%)
b1              = -7.55424         +/- 0.07532      (0.9971%)

correlation matrix of the fit parameters:
                a1     b1     
a1              1.000 
b1             -0.965  1.000 


*******************************************************************************
Sat Apr 27 15:55:24 2019


FIT:    data read from datafile using (log10($1)):(log10($4))
        format = x:z
        x range restricted to [4.00000 : *]
        #datapoints = 431
        residuals are weighted equally (unit weight)

function used for fitting: f(a2, b2, x)
	f(a, b, x) = a*x + b
fitted parameters initialized with current variable values

iter      chisq       delta/lim  lambda   a2            b2           
   0 4.7073010301e+04   0.00e+00  3.86e+00    1.000000e+00   1.000000e+00
   4 8.1773933468e+01  -1.15e-04  3.86e-04    1.923810e+00  -1.436686e+01

After 4 iterations the fit converged.
final sum of squares of residuals : 81.7739
rel. change during last iteration : -1.14516e-09

degrees of freedom    (FIT_NDF)                        : 429
rms of residuals      (FIT_STDFIT) = sqrt(WSSR/ndf)    : 0.436595
variance of residuals (reduced chisquare) = WSSR/ndf   : 0.190615

Final set of parameters            Asymptotic Standard Error
=======================            ==========================
a2              = 1.92381          +/- 0.03932      (2.044%)
b2              = -14.3669         +/- 0.2112       (1.47%)

correlation matrix of the fit parameters:
                a2     b2     
a2              1.000 
b2             -0.995  1.000 


*******************************************************************************
Sat Apr 27 15:56:29 2019


FIT:    data read from datafile using (log10($1)):(log10($4))
        format = x:z
        x range restricted to [* : 4.00000]
        #datapoints = 121
        residuals are weighted equally (unit weight)

function used for fitting: f(a1, b1, x)
	f(a, b, x) = a*x + b
fitted parameters initialized with current variable values

iter      chisq       delta/lim  lambda   a1            b1           
   0 1.3350243408e+04   0.00e+00  2.39e+00    1.000000e+00   1.000000e+00
   4 5.5934684324e+00  -4.99e-07  2.39e-04    3.785169e-01  -7.554238e+00

After 4 iterations the fit converged.
final sum of squares of residuals : 5.59347
rel. change during last iteration : -4.99279e-12

degrees of freedom    (FIT_NDF)                        : 119
rms of residuals      (FIT_STDFIT) = sqrt(WSSR/ndf)    : 0.216804
variance of residuals (reduced chisquare) = WSSR/ndf   : 0.0470039

Final set of parameters            Asymptotic Standard Error
=======================            ==========================
a1              = 0.378517         +/- 0.02336      (6.171%)
b1              = -7.55424         +/- 0.07532      (0.9971%)

correlation matrix of the fit parameters:
                a1     b1     
a1              1.000 
b1             -0.965  1.000 


*******************************************************************************
Sat Apr 27 15:56:29 2019


FIT:    data read from datafile using (log10($1)):(log10($4))
        format = x:z
        x range restricted to [4.00000 : *]
        #datapoints = 431
        residuals are weighted equally (unit weight)

function used for fitting: f(a2, b2, x)
	f(a, b, x) = a*x + b
fitted parameters initialized with current variable values

iter      chisq       delta/lim  lambda   a2            b2           
   0 4.7073010301e+04   0.00e+00  3.86e+00    1.000000e+00   1.000000e+00
   4 8.1773933468e+01  -1.15e-04  3.86e-04    1.923810e+00  -1.436686e+01

After 4 iterations the fit converged.
final sum of squares of residuals : 81.7739
rel. change during last iteration : -1.14516e-09

degrees of freedom    (FIT_NDF)                        : 429
rms of residuals      (FIT_STDFIT) = sqrt(WSSR/ndf)    : 0.436595
variance of residuals (reduced chisquare) = WSSR/ndf   : 0.190615

Final set of parameters            Asymptotic Standard Error
=======================            ==========================
a2              = 1.92381          +/- 0.03932      (2.044%)
b2              = -14.3669         +/- 0.2112       (1.47%)

correlation matrix of the fit parameters:
                a2     b2     
a2              1.000 
b2             -0.995  1.000 
