

*******************************************************************************
Thu May  2 23:18:58 2019


FIT:    data read from "Simpsons_out.dat" using ($1):($2)
        format = x:z
        x range restricted to [0.00000 : 2.00000]
        #datapoints = 49
        residuals are weighted equally (unit weight)

function used for fitting: f1(x)
	f1(x) = a1*x + b1
fitted parameters initialized with current variable values

iter      chisq       delta/lim  lambda   a1            b1           
   0 5.9874537274e+03   0.00e+00  1.36e+00    1.000000e+00   1.000000e+00
   4 9.8094109942e-02  -1.92e-07  1.36e-04   -4.239452e+00  -1.507493e+00

After 4 iterations the fit converged.
final sum of squares of residuals : 0.0980941
rel. change during last iteration : -1.92278e-12

degrees of freedom    (FIT_NDF)                        : 47
rms of residuals      (FIT_STDFIT) = sqrt(WSSR/ndf)    : 0.0456849
variance of residuals (reduced chisquare) = WSSR/ndf   : 0.00208711

Final set of parameters            Asymptotic Standard Error
=======================            ==========================
a1              = -4.23945         +/- 0.01827      (0.431%)
b1              = -1.50749         +/- 0.02997      (1.988%)

correlation matrix of the fit parameters:
                a1     b1     
a1              1.000 
b1             -0.976  1.000 


*******************************************************************************
Thu May  2 23:18:58 2019


FIT:    data read from "Simpsons_out.dat" using ($1):($2)
        format = x:z
        x range restricted to [0.00000 : 3.00000]
        #datapoints = 499
        residuals are weighted equally (unit weight)

function used for fitting: f2(x)
	f2(x) = a2*x + b2
fitted parameters initialized with current variable values

iter      chisq       delta/lim  lambda   a2            b2           
   0 1.2687611530e+05   0.00e+00  1.97e+00    1.000000e+00   1.000000e+00
   4 4.3655598331e-01  -1.48e-09  1.97e-04   -4.057306e+00  -1.802419e+00

After 4 iterations the fit converged.
final sum of squares of residuals : 0.436556
rel. change during last iteration : -1.47502e-14

degrees of freedom    (FIT_NDF)                        : 497
rms of residuals      (FIT_STDFIT) = sqrt(WSSR/ndf)    : 0.0296375
variance of residuals (reduced chisquare) = WSSR/ndf   : 0.000878382

Final set of parameters            Asymptotic Standard Error
=======================            ==========================
a2              = -4.05731         +/- 0.003182     (0.07843%)
b2              = -1.80242         +/- 0.008289     (0.4599%)

correlation matrix of the fit parameters:
                a2     b2     
a2              1.000 
b2             -0.987  1.000 


*******************************************************************************
Thu May  2 23:27:13 2019


FIT:    data read from "Simpsons_out.dat" using ($1):($2)
        format = x:z
        x range restricted to [0.00000 : 2.00000]
        #datapoints = 49
        residuals are weighted equally (unit weight)

function used for fitting: f1(x)
	f1(x) = a1*x + b1
fitted parameters initialized with current variable values

iter      chisq       delta/lim  lambda   a1            b1           
   0 9.8094109942e-02   0.00e+00  5.03e+00   -4.239452e+00  -1.507493e+00
   1 9.8094109942e-02  -9.62e-10  5.03e-01   -4.239452e+00  -1.507493e+00

After 1 iterations the fit converged.
final sum of squares of residuals : 0.0980941
rel. change during last iteration : -9.62025e-15

degrees of freedom    (FIT_NDF)                        : 47
rms of residuals      (FIT_STDFIT) = sqrt(WSSR/ndf)    : 0.0456849
variance of residuals (reduced chisquare) = WSSR/ndf   : 0.00208711

Final set of parameters            Asymptotic Standard Error
=======================            ==========================
a1              = -4.23945         +/- 0.01827      (0.431%)
b1              = -1.50749         +/- 0.02997      (1.988%)

correlation matrix of the fit parameters:
                a1     b1     
a1              1.000 
b1             -0.976  1.000 


*******************************************************************************
Thu May  2 23:27:13 2019


FIT:    data read from "Simpsons_out.dat" using ($1):($2)
        format = x:z
        x range restricted to [0.00000 : 3.00000]
        #datapoints = 499
        residuals are weighted equally (unit weight)

function used for fitting: f2(x)
	f2(x) = a2*x + b2
fitted parameters initialized with current variable values

iter      chisq       delta/lim  lambda   a2            b2           
   0 4.3655598331e-01   0.00e+00  7.58e+00   -4.057306e+00  -1.802419e+00
   1 4.3655598331e-01   0.00e+00  7.58e+00   -4.057306e+00  -1.802419e+00

After 1 iterations the fit converged.
final sum of squares of residuals : 0.436556
rel. change during last iteration : 0

degrees of freedom    (FIT_NDF)                        : 497
rms of residuals      (FIT_STDFIT) = sqrt(WSSR/ndf)    : 0.0296375
variance of residuals (reduced chisquare) = WSSR/ndf   : 0.000878382

Final set of parameters            Asymptotic Standard Error
=======================            ==========================
a2              = -4.05731         +/- 0.003182     (0.07843%)
b2              = -1.80242         +/- 0.008289     (0.4599%)

correlation matrix of the fit parameters:
                a2     b2     
a2              1.000 
b2             -0.987  1.000 


*******************************************************************************
Thu May  2 23:27:27 2019


FIT:    data read from "Simpsons_out.dat" using ($1):($2)
        format = x:z
        x range restricted to [0.00000 : 2.00000]
        #datapoints = 49
        residuals are weighted equally (unit weight)

function used for fitting: f1(x)
	f1(x) = a1*x + b1
fitted parameters initialized with current variable values

iter      chisq       delta/lim  lambda   a1            b1           
   0 9.8094109942e-02   0.00e+00  5.03e+00   -4.239452e+00  -1.507493e+00
   1 9.8094109942e-02   0.00e+00  5.03e+01   -4.239452e+00  -1.507493e+00

After 1 iterations the fit converged.
final sum of squares of residuals : 0.0980941
rel. change during last iteration : 0

degrees of freedom    (FIT_NDF)                        : 47
rms of residuals      (FIT_STDFIT) = sqrt(WSSR/ndf)    : 0.0456849
variance of residuals (reduced chisquare) = WSSR/ndf   : 0.00208711

Final set of parameters            Asymptotic Standard Error
=======================            ==========================
a1              = -4.23945         +/- 0.01827      (0.431%)
b1              = -1.50749         +/- 0.02997      (1.988%)

correlation matrix of the fit parameters:
                a1     b1     
a1              1.000 
b1             -0.976  1.000 


*******************************************************************************
Thu May  2 23:27:27 2019


FIT:    data read from "Simpsons_out.dat" using ($1):($2)
        format = x:z
        x range restricted to [0.00000 : 3.00000]
        #datapoints = 499
        residuals are weighted equally (unit weight)

function used for fitting: f2(x)
	f2(x) = a2*x + b2
fitted parameters initialized with current variable values

iter      chisq       delta/lim  lambda   a2            b2           
   0 4.3655598331e-01   0.00e+00  7.58e+00   -4.057306e+00  -1.802419e+00
   1 4.3655598331e-01   0.00e+00  7.58e+00   -4.057306e+00  -1.802419e+00

After 1 iterations the fit converged.
final sum of squares of residuals : 0.436556
rel. change during last iteration : 0

degrees of freedom    (FIT_NDF)                        : 497
rms of residuals      (FIT_STDFIT) = sqrt(WSSR/ndf)    : 0.0296375
variance of residuals (reduced chisquare) = WSSR/ndf   : 0.000878382

Final set of parameters            Asymptotic Standard Error
=======================            ==========================
a2              = -4.05731         +/- 0.003182     (0.07843%)
b2              = -1.80242         +/- 0.008289     (0.4599%)

correlation matrix of the fit parameters:
                a2     b2     
a2              1.000 
b2             -0.987  1.000 


*******************************************************************************
Thu May  2 23:30:52 2019


FIT:    data read from "Simpsons_out.dat" using ($1):($2)
        format = x:z
        x range restricted to [0.00000 : 2.00000]
        #datapoints = 49
        residuals are weighted equally (unit weight)

function used for fitting: f1(x)
	f1(x) = a1*x + b1
fitted parameters initialized with current variable values

iter      chisq       delta/lim  lambda   a1            b1           
   0 5.9874537274e+03   0.00e+00  1.36e+00    1.000000e+00   1.000000e+00
   4 9.8094109942e-02  -1.92e-07  1.36e-04   -4.239452e+00  -1.507493e+00

After 4 iterations the fit converged.
final sum of squares of residuals : 0.0980941
rel. change during last iteration : -1.92278e-12

degrees of freedom    (FIT_NDF)                        : 47
rms of residuals      (FIT_STDFIT) = sqrt(WSSR/ndf)    : 0.0456849
variance of residuals (reduced chisquare) = WSSR/ndf   : 0.00208711

Final set of parameters            Asymptotic Standard Error
=======================            ==========================
a1              = -4.23945         +/- 0.01827      (0.431%)
b1              = -1.50749         +/- 0.02997      (1.988%)

correlation matrix of the fit parameters:
                a1     b1     
a1              1.000 
b1             -0.976  1.000 


*******************************************************************************
Thu May  2 23:30:52 2019


FIT:    data read from "Simpsons_out.dat" using ($1):($2)
        format = x:z
        x range restricted to [0.00000 : 3.00000]
        #datapoints = 499
        residuals are weighted equally (unit weight)

function used for fitting: f2(x)
	f2(x) = a2*x + b2
fitted parameters initialized with current variable values

iter      chisq       delta/lim  lambda   a2            b2           
   0 1.2687611530e+05   0.00e+00  1.97e+00    1.000000e+00   1.000000e+00
   4 4.3655598331e-01  -1.48e-09  1.97e-04   -4.057306e+00  -1.802419e+00

After 4 iterations the fit converged.
final sum of squares of residuals : 0.436556
rel. change during last iteration : -1.47502e-14

degrees of freedom    (FIT_NDF)                        : 497
rms of residuals      (FIT_STDFIT) = sqrt(WSSR/ndf)    : 0.0296375
variance of residuals (reduced chisquare) = WSSR/ndf   : 0.000878382

Final set of parameters            Asymptotic Standard Error
=======================            ==========================
a2              = -4.05731         +/- 0.003182     (0.07843%)
b2              = -1.80242         +/- 0.008289     (0.4599%)

correlation matrix of the fit parameters:
                a2     b2     
a2              1.000 
b2             -0.987  1.000 


*******************************************************************************
Thu May  2 23:53:36 2019


FIT:    data read from "Simpsons_out.dat" using ($1):($2)
        format = x:z
        x range restricted to [0.00000 : 2.00000]
        #datapoints = 49
        residuals are weighted equally (unit weight)

function used for fitting: f1(x)
	f1(x) = a1*x + b1
fitted parameters initialized with current variable values

iter      chisq       delta/lim  lambda   a1            b1           
   0 5.9874537274e+03   0.00e+00  1.36e+00    1.000000e+00   1.000000e+00
   4 9.8094109942e-02  -1.92e-07  1.36e-04   -4.239452e+00  -1.507493e+00

After 4 iterations the fit converged.
final sum of squares of residuals : 0.0980941
rel. change during last iteration : -1.92278e-12

degrees of freedom    (FIT_NDF)                        : 47
rms of residuals      (FIT_STDFIT) = sqrt(WSSR/ndf)    : 0.0456849
variance of residuals (reduced chisquare) = WSSR/ndf   : 0.00208711

Final set of parameters            Asymptotic Standard Error
=======================            ==========================
a1              = -4.23945         +/- 0.01827      (0.431%)
b1              = -1.50749         +/- 0.02997      (1.988%)

correlation matrix of the fit parameters:
                a1     b1     
a1              1.000 
b1             -0.976  1.000 


*******************************************************************************
Thu May  2 23:53:36 2019


FIT:    data read from "Simpsons_out.dat" using ($1):($2)
        format = x:z
        x range restricted to [0.00000 : 3.00000]
        #datapoints = 499
        residuals are weighted equally (unit weight)

function used for fitting: f2(x)
	f2(x) = a2*x + b2
fitted parameters initialized with current variable values

iter      chisq       delta/lim  lambda   a2            b2           
   0 1.2687611530e+05   0.00e+00  1.97e+00    1.000000e+00   1.000000e+00
   4 4.3655598331e-01  -1.48e-09  1.97e-04   -4.057306e+00  -1.802419e+00

After 4 iterations the fit converged.
final sum of squares of residuals : 0.436556
rel. change during last iteration : -1.47502e-14

degrees of freedom    (FIT_NDF)                        : 497
rms of residuals      (FIT_STDFIT) = sqrt(WSSR/ndf)    : 0.0296375
variance of residuals (reduced chisquare) = WSSR/ndf   : 0.000878382

Final set of parameters            Asymptotic Standard Error
=======================            ==========================
a2              = -4.05731         +/- 0.003182     (0.07843%)
b2              = -1.80242         +/- 0.008289     (0.4599%)

correlation matrix of the fit parameters:
                a2     b2     
a2              1.000 
b2             -0.987  1.000 
